Hmm ... looks like a package
Converting parsed Rd's to LaTeX 
Creating pdf output from LaTeX ...

This is pdfTeX, Version 3.141592653-2.6-1.40.26 (TeX Live 2024) (preloaded format=pdflatex)
 restricted \write18 enabled.
entering extended mode
LaTeX2e <2023-11-01> patch level 1
L3 programming layer <2024-02-20>
(./Rd2.tex
(/usr/local/texlive/2024basic/texmf-dist/tex/latex/base/book.cls
Document Class: book 2023/05/17 v1.4n Standard LaTeX document class
(/usr/local/texlive/2024basic/texmf-dist/tex/latex/base/bk10.clo))
(/Library/Frameworks/R.framework/Resources/share/texmf/tex/latex/Rd.sty
(/usr/local/texlive/2024basic/texmf-dist/tex/latex/base/ifthen.sty)
(/usr/local/texlive/2024basic/texmf-dist/tex/generic/iftex/iftex.sty)
(/usr/local/texlive/2024basic/texmf-dist/tex/latex/tools/longtable.sty)
(/usr/local/texlive/2024basic/texmf-dist/tex/latex/tools/bm.sty)
(/usr/local/texlive/2024basic/texmf-dist/tex/latex/base/alltt.sty)
(/usr/local/texlive/2024basic/texmf-dist/tex/latex/tools/verbatim.sty)
(/usr/local/texlive/2024basic/texmf-dist/tex/latex/url/url.sty)
(/usr/local/texlive/2024basic/texmf-dist/tex/latex/base/textcomp.sty)
(/usr/local/texlive/2024basic/texmf-dist/tex/latex/amsmath/amsmath.sty
For additional information on amsmath, use the `?' option.
(/usr/local/texlive/2024basic/texmf-dist/tex/latex/amsmath/amstext.sty
(/usr/local/texlive/2024basic/texmf-dist/tex/latex/amsmath/amsgen.sty))
(/usr/local/texlive/2024basic/texmf-dist/tex/latex/amsmath/amsbsy.sty)
(/usr/local/texlive/2024basic/texmf-dist/tex/latex/amsmath/amsopn.sty))
(/usr/local/texlive/2024basic/texmf-dist/tex/latex/amsfonts/amsfonts.sty)
(/usr/local/texlive/2024basic/texmf-dist/tex/latex/amsfonts/amssymb.sty)
(/usr/local/texlive/2024basic/texmf-dist/tex/latex/amsfonts/eucal.sty)
(/usr/local/texlive/2024basic/texmf-dist/tex/latex/base/fontenc.sty)
(/usr/local/texlive/2024basic/texmf-dist/tex/latex/psnfss/times.sty)
(/usr/local/texlive/2024basic/texmf-dist/tex/latex/inconsolata/zi4.sty
`inconsolata-zi4' v1.12, 2019/05/17 Text macros for Inconsolata (msharpe)
(/usr/local/texlive/2024basic/texmf-dist/tex/latex/xkeyval/xkeyval.sty
(/usr/local/texlive/2024basic/texmf-dist/tex/generic/xkeyval/xkeyval.tex
(/usr/local/texlive/2024basic/texmf-dist/tex/generic/xkeyval/xkvutils.tex
(/usr/local/texlive/2024basic/texmf-dist/tex/generic/xkeyval/keyval.tex)))))
(/usr/local/texlive/2024basic/texmf-dist/tex/latex/graphics/color.sty
(/usr/local/texlive/2024basic/texmf-dist/tex/latex/graphics-cfg/color.cfg)
(/usr/local/texlive/2024basic/texmf-dist/tex/latex/graphics-def/pdftex.def)
(/usr/local/texlive/2024basic/texmf-dist/tex/latex/graphics/mathcolor.ltx))
(/usr/local/texlive/2024basic/texmf-dist/tex/latex/hyperref/hyperref.sty
(/usr/local/texlive/2024basic/texmf-dist/tex/latex/kvsetkeys/kvsetkeys.sty)
(/usr/local/texlive/2024basic/texmf-dist/tex/generic/kvdefinekeys/kvdefinekeys.
sty)
(/usr/local/texlive/2024basic/texmf-dist/tex/generic/pdfescape/pdfescape.sty
(/usr/local/texlive/2024basic/texmf-dist/tex/generic/ltxcmds/ltxcmds.sty)
(/usr/local/texlive/2024basic/texmf-dist/tex/generic/pdftexcmds/pdftexcmds.sty
(/usr/local/texlive/2024basic/texmf-dist/tex/generic/infwarerr/infwarerr.sty)))
 (/usr/local/texlive/2024basic/texmf-dist/tex/latex/hycolor/hycolor.sty)
(/usr/local/texlive/2024basic/texmf-dist/tex/latex/auxhook/auxhook.sty)
(/usr/local/texlive/2024basic/texmf-dist/tex/latex/hyperref/nameref.sty
(/usr/local/texlive/2024basic/texmf-dist/tex/latex/refcount/refcount.sty)
(/usr/local/texlive/2024basic/texmf-dist/tex/generic/gettitlestring/gettitlestr
ing.sty
(/usr/local/texlive/2024basic/texmf-dist/tex/latex/kvoptions/kvoptions.sty)))
(/usr/local/texlive/2024basic/texmf-dist/tex/latex/etoolbox/etoolbox.sty)
(/usr/local/texlive/2024basic/texmf-dist/tex/latex/hyperref/pd1enc.def)
(/usr/local/texlive/2024basic/texmf-dist/tex/generic/intcalc/intcalc.sty)
(/usr/local/texlive/2024basic/texmf-dist/tex/latex/hyperref/puenc.def)
(/usr/local/texlive/2024basic/texmf-dist/tex/generic/bitset/bitset.sty
(/usr/local/texlive/2024basic/texmf-dist/tex/generic/bigintcalc/bigintcalc.sty)
) (/usr/local/texlive/2024basic/texmf-dist/tex/latex/base/atbegshi-ltx.sty))
(/usr/local/texlive/2024basic/texmf-dist/tex/latex/hyperref/hpdftex.def
(/usr/local/texlive/2024basic/texmf-dist/tex/latex/base/atveryend-ltx.sty)
(/usr/local/texlive/2024basic/texmf-dist/tex/latex/rerunfilecheck/rerunfilechec
k.sty
(/usr/local/texlive/2024basic/texmf-dist/tex/generic/uniquecounter/uniquecounte
r.sty)))) (/usr/local/texlive/2024basic/texmf-dist/tex/latex/base/makeidx.sty)
Writing index file Rd2.idx
(/usr/local/texlive/2024basic/texmf-dist/tex/latex/psnfss/t1ptm.fd)
(/usr/local/texlive/2024basic/texmf-dist/tex/latex/l3backend/l3backend-pdftex.d
ef)
No file Rd2.aux.
(/usr/local/texlive/2024basic/texmf-dist/tex/context/base/mkii/supp-pdf.mkii
[Loading MPS to PDF converter (version 2006.09.02).]
) (/usr/local/texlive/2024basic/texmf-dist/tex/latex/inconsolata/t1zi4.fd)
No file Rd2.toc.
(/usr/local/texlive/2024basic/texmf-dist/tex/latex/amsfonts/umsa.fd)
(/usr/local/texlive/2024basic/texmf-dist/tex/latex/amsfonts/umsb.fd) [1{/usr/lo
cal/texlive/2024basic/texmf-var/fonts/map/pdftex/updmap/pdftex.map}{/usr/local/
texlive/2024basic/texmf-dist/fonts/enc/dvips/base/8r.enc}{/usr/local/texlive/20
24basic/texmf-dist/fonts/enc/dvips/inconsolata/i4-t1-0.enc}] [2] [3] [4]
(/usr/local/texlive/2024basic/texmf-dist/tex/latex/inconsolata/ts1zi4.fd)
[5{/usr/local/texlive/2024basic/texmf-dist/fonts/enc/dvips/inconsolata/i4-ts1.e
nc}] [6]
No file Rd2.ind.
[7]
(/private/var/folders/k0/clz7p6p57qj0ysxy4sqpdg900000gn/T/RtmpImHpWB/Rd2pdf1441
c2bacb43d/Rd2.aux)

Package rerunfilecheck Warning: File `Rd2.out' has changed.
(rerunfilecheck)                Rerun to get outlines right
(rerunfilecheck)                or use package `bookmark'.

 )</usr/local/texlive/2024basic/texmf-dist/fonts/type1/public/inconsolata/Incon
solata-zi4r.pfb></usr/local/texlive/2024basic/texmf-dist/fonts/type1/urw/times/
utmb8a.pfb></usr/local/texlive/2024basic/texmf-dist/fonts/type1/urw/times/utmr8
a.pfb></usr/local/texlive/2024basic/texmf-dist/fonts/type1/urw/times/utmr8a.pfb
></usr/local/texlive/2024basic/texmf-dist/fonts/type1/urw/times/utmri8a.pfb>
Output written on Rd2.pdf (7 pages, 88612 bytes).
Transcript written on Rd2.log.
This is makeindex, version 2.17 [TeX Live 2024] (kpathsea + Thai support).
Scanning input file Rd2.idx....done (12 entries accepted, 0 rejected).
Sorting entries....done (47 comparisons).
Generating output file Rd2.ind....done (28 lines written, 0 warnings).
Output written in Rd2.ind.
Transcript written in Rd2.ilg.
This is pdfTeX, Version 3.141592653-2.6-1.40.26 (TeX Live 2024) (preloaded format=pdflatex)
 restricted \write18 enabled.
entering extended mode
LaTeX2e <2023-11-01> patch level 1
L3 programming layer <2024-02-20>
(./Rd2.tex
(/usr/local/texlive/2024basic/texmf-dist/tex/latex/base/book.cls
Document Class: book 2023/05/17 v1.4n Standard LaTeX document class
(/usr/local/texlive/2024basic/texmf-dist/tex/latex/base/bk10.clo))
(/Library/Frameworks/R.framework/Resources/share/texmf/tex/latex/Rd.sty
(/usr/local/texlive/2024basic/texmf-dist/tex/latex/base/ifthen.sty)
(/usr/local/texlive/2024basic/texmf-dist/tex/generic/iftex/iftex.sty)
(/usr/local/texlive/2024basic/texmf-dist/tex/latex/tools/longtable.sty)
(/usr/local/texlive/2024basic/texmf-dist/tex/latex/tools/bm.sty)
(/usr/local/texlive/2024basic/texmf-dist/tex/latex/base/alltt.sty)
(/usr/local/texlive/2024basic/texmf-dist/tex/latex/tools/verbatim.sty)
(/usr/local/texlive/2024basic/texmf-dist/tex/latex/url/url.sty)
(/usr/local/texlive/2024basic/texmf-dist/tex/latex/base/textcomp.sty)
(/usr/local/texlive/2024basic/texmf-dist/tex/latex/amsmath/amsmath.sty
For additional information on amsmath, use the `?' option.
(/usr/local/texlive/2024basic/texmf-dist/tex/latex/amsmath/amstext.sty
(/usr/local/texlive/2024basic/texmf-dist/tex/latex/amsmath/amsgen.sty))
(/usr/local/texlive/2024basic/texmf-dist/tex/latex/amsmath/amsbsy.sty)
(/usr/local/texlive/2024basic/texmf-dist/tex/latex/amsmath/amsopn.sty))
(/usr/local/texlive/2024basic/texmf-dist/tex/latex/amsfonts/amsfonts.sty)
(/usr/local/texlive/2024basic/texmf-dist/tex/latex/amsfonts/amssymb.sty)
(/usr/local/texlive/2024basic/texmf-dist/tex/latex/amsfonts/eucal.sty)
(/usr/local/texlive/2024basic/texmf-dist/tex/latex/base/fontenc.sty)
(/usr/local/texlive/2024basic/texmf-dist/tex/latex/psnfss/times.sty)
(/usr/local/texlive/2024basic/texmf-dist/tex/latex/inconsolata/zi4.sty
`inconsolata-zi4' v1.12, 2019/05/17 Text macros for Inconsolata (msharpe)
(/usr/local/texlive/2024basic/texmf-dist/tex/latex/xkeyval/xkeyval.sty
(/usr/local/texlive/2024basic/texmf-dist/tex/generic/xkeyval/xkeyval.tex
(/usr/local/texlive/2024basic/texmf-dist/tex/generic/xkeyval/xkvutils.tex
(/usr/local/texlive/2024basic/texmf-dist/tex/generic/xkeyval/keyval.tex)))))
(/usr/local/texlive/2024basic/texmf-dist/tex/latex/graphics/color.sty
(/usr/local/texlive/2024basic/texmf-dist/tex/latex/graphics-cfg/color.cfg)
(/usr/local/texlive/2024basic/texmf-dist/tex/latex/graphics-def/pdftex.def)
(/usr/local/texlive/2024basic/texmf-dist/tex/latex/graphics/mathcolor.ltx))
(/usr/local/texlive/2024basic/texmf-dist/tex/latex/hyperref/hyperref.sty
(/usr/local/texlive/2024basic/texmf-dist/tex/latex/kvsetkeys/kvsetkeys.sty)
(/usr/local/texlive/2024basic/texmf-dist/tex/generic/kvdefinekeys/kvdefinekeys.
sty)
(/usr/local/texlive/2024basic/texmf-dist/tex/generic/pdfescape/pdfescape.sty
(/usr/local/texlive/2024basic/texmf-dist/tex/generic/ltxcmds/ltxcmds.sty)
(/usr/local/texlive/2024basic/texmf-dist/tex/generic/pdftexcmds/pdftexcmds.sty
(/usr/local/texlive/2024basic/texmf-dist/tex/generic/infwarerr/infwarerr.sty)))
 (/usr/local/texlive/2024basic/texmf-dist/tex/latex/hycolor/hycolor.sty)
(/usr/local/texlive/2024basic/texmf-dist/tex/latex/auxhook/auxhook.sty)
(/usr/local/texlive/2024basic/texmf-dist/tex/latex/hyperref/nameref.sty
(/usr/local/texlive/2024basic/texmf-dist/tex/latex/refcount/refcount.sty)
(/usr/local/texlive/2024basic/texmf-dist/tex/generic/gettitlestring/gettitlestr
ing.sty
(/usr/local/texlive/2024basic/texmf-dist/tex/latex/kvoptions/kvoptions.sty)))
(/usr/local/texlive/2024basic/texmf-dist/tex/latex/etoolbox/etoolbox.sty)
(/usr/local/texlive/2024basic/texmf-dist/tex/latex/hyperref/pd1enc.def)
(/usr/local/texlive/2024basic/texmf-dist/tex/generic/intcalc/intcalc.sty)
(/usr/local/texlive/2024basic/texmf-dist/tex/latex/hyperref/puenc.def)
(/usr/local/texlive/2024basic/texmf-dist/tex/generic/bitset/bitset.sty
(/usr/local/texlive/2024basic/texmf-dist/tex/generic/bigintcalc/bigintcalc.sty)
) (/usr/local/texlive/2024basic/texmf-dist/tex/latex/base/atbegshi-ltx.sty))
(/usr/local/texlive/2024basic/texmf-dist/tex/latex/hyperref/hpdftex.def
(/usr/local/texlive/2024basic/texmf-dist/tex/latex/base/atveryend-ltx.sty)
(/usr/local/texlive/2024basic/texmf-dist/tex/latex/rerunfilecheck/rerunfilechec
k.sty
(/usr/local/texlive/2024basic/texmf-dist/tex/generic/uniquecounter/uniquecounte
r.sty)))) (/usr/local/texlive/2024basic/texmf-dist/tex/latex/base/makeidx.sty)
Writing index file Rd2.idx
(/usr/local/texlive/2024basic/texmf-dist/tex/latex/psnfss/t1ptm.fd)
(/usr/local/texlive/2024basic/texmf-dist/tex/latex/l3backend/l3backend-pdftex.d
ef)
(/private/var/folders/k0/clz7p6p57qj0ysxy4sqpdg900000gn/T/RtmpImHpWB/Rd2pdf1441
c2bacb43d/Rd2.aux)
(/usr/local/texlive/2024basic/texmf-dist/tex/context/base/mkii/supp-pdf.mkii
[Loading MPS to PDF converter (version 2006.09.02).]
)
(/private/var/folders/k0/clz7p6p57qj0ysxy4sqpdg900000gn/T/RtmpImHpWB/Rd2pdf1441
c2bacb43d/Rd2.out)
(/private/var/folders/k0/clz7p6p57qj0ysxy4sqpdg900000gn/T/RtmpImHpWB/Rd2pdf1441
c2bacb43d/Rd2.out)
(/usr/local/texlive/2024basic/texmf-dist/tex/latex/inconsolata/t1zi4.fd)
(/private/var/folders/k0/clz7p6p57qj0ysxy4sqpdg900000gn/T/RtmpImHpWB/Rd2pdf1441
c2bacb43d/Rd2.toc
(/usr/local/texlive/2024basic/texmf-dist/tex/latex/amsfonts/umsa.fd)
(/usr/local/texlive/2024basic/texmf-dist/tex/latex/amsfonts/umsb.fd)) [1{/usr/l
ocal/texlive/2024basic/texmf-var/fonts/map/pdftex/updmap/pdftex.map}{/usr/local
/texlive/2024basic/texmf-dist/fonts/enc/dvips/base/8r.enc}{/usr/local/texlive/2
024basic/texmf-dist/fonts/enc/dvips/inconsolata/i4-t1-0.enc}] [2] [3] [4]
[5] (/usr/local/texlive/2024basic/texmf-dist/tex/latex/inconsolata/ts1zi4.fd)
[6{/usr/local/texlive/2024basic/texmf-dist/fonts/enc/dvips/inconsolata/i4-ts1.e
nc}] [7]
(/private/var/folders/k0/clz7p6p57qj0ysxy4sqpdg900000gn/T/RtmpImHpWB/Rd2pdf1441
c2bacb43d/Rd2.ind [8] [9])
(/private/var/folders/k0/clz7p6p57qj0ysxy4sqpdg900000gn/T/RtmpImHpWB/Rd2pdf1441
c2bacb43d/Rd2.aux)

Package rerunfilecheck Warning: File `Rd2.out' has changed.
(rerunfilecheck)                Rerun to get outlines right
(rerunfilecheck)                or use package `bookmark'.

 )</usr/local/texlive/2024basic/texmf-dist/fonts/type1/public/inconsolata/Incon
solata-zi4r.pfb></usr/local/texlive/2024basic/texmf-dist/fonts/type1/public/ams
fonts/cm/cmsy10.pfb></usr/local/texlive/2024basic/texmf-dist/fonts/type1/urw/ti
mes/utmb8a.pfb></usr/local/texlive/2024basic/texmf-dist/fonts/type1/urw/times/u
tmr8a.pfb></usr/local/texlive/2024basic/texmf-dist/fonts/type1/urw/times/utmr8a
.pfb></usr/local/texlive/2024basic/texmf-dist/fonts/type1/urw/times/utmri8a.pfb
>
Output written on Rd2.pdf (9 pages, 100132 bytes).
Transcript written on Rd2.log.
This is makeindex, version 2.17 [TeX Live 2024] (kpathsea + Thai support).
Scanning input file Rd2.idx....done (12 entries accepted, 0 rejected).
Sorting entries....done (47 comparisons).
Generating output file Rd2.ind....done (28 lines written, 0 warnings).
Output written in Rd2.ind.
Transcript written in Rd2.ilg.
This is pdfTeX, Version 3.141592653-2.6-1.40.26 (TeX Live 2024) (preloaded format=pdflatex)
 restricted \write18 enabled.
entering extended mode
LaTeX2e <2023-11-01> patch level 1
L3 programming layer <2024-02-20>
(./Rd2.tex
(/usr/local/texlive/2024basic/texmf-dist/tex/latex/base/book.cls
Document Class: book 2023/05/17 v1.4n Standard LaTeX document class
(/usr/local/texlive/2024basic/texmf-dist/tex/latex/base/bk10.clo))
(/Library/Frameworks/R.framework/Resources/share/texmf/tex/latex/Rd.sty
(/usr/local/texlive/2024basic/texmf-dist/tex/latex/base/ifthen.sty)
(/usr/local/texlive/2024basic/texmf-dist/tex/generic/iftex/iftex.sty)
(/usr/local/texlive/2024basic/texmf-dist/tex/latex/tools/longtable.sty)
(/usr/local/texlive/2024basic/texmf-dist/tex/latex/tools/bm.sty)
(/usr/local/texlive/2024basic/texmf-dist/tex/latex/base/alltt.sty)
(/usr/local/texlive/2024basic/texmf-dist/tex/latex/tools/verbatim.sty)
(/usr/local/texlive/2024basic/texmf-dist/tex/latex/url/url.sty)
(/usr/local/texlive/2024basic/texmf-dist/tex/latex/base/textcomp.sty)
(/usr/local/texlive/2024basic/texmf-dist/tex/latex/amsmath/amsmath.sty
For additional information on amsmath, use the `?' option.
(/usr/local/texlive/2024basic/texmf-dist/tex/latex/amsmath/amstext.sty
(/usr/local/texlive/2024basic/texmf-dist/tex/latex/amsmath/amsgen.sty))
(/usr/local/texlive/2024basic/texmf-dist/tex/latex/amsmath/amsbsy.sty)
(/usr/local/texlive/2024basic/texmf-dist/tex/latex/amsmath/amsopn.sty))
(/usr/local/texlive/2024basic/texmf-dist/tex/latex/amsfonts/amsfonts.sty)
(/usr/local/texlive/2024basic/texmf-dist/tex/latex/amsfonts/amssymb.sty)
(/usr/local/texlive/2024basic/texmf-dist/tex/latex/amsfonts/eucal.sty)
(/usr/local/texlive/2024basic/texmf-dist/tex/latex/base/fontenc.sty)
(/usr/local/texlive/2024basic/texmf-dist/tex/latex/psnfss/times.sty)
(/usr/local/texlive/2024basic/texmf-dist/tex/latex/inconsolata/zi4.sty
`inconsolata-zi4' v1.12, 2019/05/17 Text macros for Inconsolata (msharpe)
(/usr/local/texlive/2024basic/texmf-dist/tex/latex/xkeyval/xkeyval.sty
(/usr/local/texlive/2024basic/texmf-dist/tex/generic/xkeyval/xkeyval.tex
(/usr/local/texlive/2024basic/texmf-dist/tex/generic/xkeyval/xkvutils.tex
(/usr/local/texlive/2024basic/texmf-dist/tex/generic/xkeyval/keyval.tex)))))
(/usr/local/texlive/2024basic/texmf-dist/tex/latex/graphics/color.sty
(/usr/local/texlive/2024basic/texmf-dist/tex/latex/graphics-cfg/color.cfg)
(/usr/local/texlive/2024basic/texmf-dist/tex/latex/graphics-def/pdftex.def)
(/usr/local/texlive/2024basic/texmf-dist/tex/latex/graphics/mathcolor.ltx))
(/usr/local/texlive/2024basic/texmf-dist/tex/latex/hyperref/hyperref.sty
(/usr/local/texlive/2024basic/texmf-dist/tex/latex/kvsetkeys/kvsetkeys.sty)
(/usr/local/texlive/2024basic/texmf-dist/tex/generic/kvdefinekeys/kvdefinekeys.
sty)
(/usr/local/texlive/2024basic/texmf-dist/tex/generic/pdfescape/pdfescape.sty
(/usr/local/texlive/2024basic/texmf-dist/tex/generic/ltxcmds/ltxcmds.sty)
(/usr/local/texlive/2024basic/texmf-dist/tex/generic/pdftexcmds/pdftexcmds.sty
(/usr/local/texlive/2024basic/texmf-dist/tex/generic/infwarerr/infwarerr.sty)))
 (/usr/local/texlive/2024basic/texmf-dist/tex/latex/hycolor/hycolor.sty)
(/usr/local/texlive/2024basic/texmf-dist/tex/latex/auxhook/auxhook.sty)
(/usr/local/texlive/2024basic/texmf-dist/tex/latex/hyperref/nameref.sty
(/usr/local/texlive/2024basic/texmf-dist/tex/latex/refcount/refcount.sty)
(/usr/local/texlive/2024basic/texmf-dist/tex/generic/gettitlestring/gettitlestr
ing.sty
(/usr/local/texlive/2024basic/texmf-dist/tex/latex/kvoptions/kvoptions.sty)))
(/usr/local/texlive/2024basic/texmf-dist/tex/latex/etoolbox/etoolbox.sty)
(/usr/local/texlive/2024basic/texmf-dist/tex/latex/hyperref/pd1enc.def)
(/usr/local/texlive/2024basic/texmf-dist/tex/generic/intcalc/intcalc.sty)
(/usr/local/texlive/2024basic/texmf-dist/tex/latex/hyperref/puenc.def)
(/usr/local/texlive/2024basic/texmf-dist/tex/generic/bitset/bitset.sty
(/usr/local/texlive/2024basic/texmf-dist/tex/generic/bigintcalc/bigintcalc.sty)
) (/usr/local/texlive/2024basic/texmf-dist/tex/latex/base/atbegshi-ltx.sty))
(/usr/local/texlive/2024basic/texmf-dist/tex/latex/hyperref/hpdftex.def
(/usr/local/texlive/2024basic/texmf-dist/tex/latex/base/atveryend-ltx.sty)
(/usr/local/texlive/2024basic/texmf-dist/tex/latex/rerunfilecheck/rerunfilechec
k.sty
(/usr/local/texlive/2024basic/texmf-dist/tex/generic/uniquecounter/uniquecounte
r.sty)))) (/usr/local/texlive/2024basic/texmf-dist/tex/latex/base/makeidx.sty)
Writing index file Rd2.idx
(/usr/local/texlive/2024basic/texmf-dist/tex/latex/psnfss/t1ptm.fd)
(/usr/local/texlive/2024basic/texmf-dist/tex/latex/l3backend/l3backend-pdftex.d
ef)
(/private/var/folders/k0/clz7p6p57qj0ysxy4sqpdg900000gn/T/RtmpImHpWB/Rd2pdf1441
c2bacb43d/Rd2.aux)
(/usr/local/texlive/2024basic/texmf-dist/tex/context/base/mkii/supp-pdf.mkii
[Loading MPS to PDF converter (version 2006.09.02).]
)
(/private/var/folders/k0/clz7p6p57qj0ysxy4sqpdg900000gn/T/RtmpImHpWB/Rd2pdf1441
c2bacb43d/Rd2.out)
(/private/var/folders/k0/clz7p6p57qj0ysxy4sqpdg900000gn/T/RtmpImHpWB/Rd2pdf1441
c2bacb43d/Rd2.out)
(/usr/local/texlive/2024basic/texmf-dist/tex/latex/inconsolata/t1zi4.fd)
(/private/var/folders/k0/clz7p6p57qj0ysxy4sqpdg900000gn/T/RtmpImHpWB/Rd2pdf1441
c2bacb43d/Rd2.toc
(/usr/local/texlive/2024basic/texmf-dist/tex/latex/amsfonts/umsa.fd)
(/usr/local/texlive/2024basic/texmf-dist/tex/latex/amsfonts/umsb.fd)) [1{/usr/l
ocal/texlive/2024basic/texmf-var/fonts/map/pdftex/updmap/pdftex.map}{/usr/local
/texlive/2024basic/texmf-dist/fonts/enc/dvips/base/8r.enc}{/usr/local/texlive/2
024basic/texmf-dist/fonts/enc/dvips/inconsolata/i4-t1-0.enc}] [2] [3] [4]
[5] (/usr/local/texlive/2024basic/texmf-dist/tex/latex/inconsolata/ts1zi4.fd)
[6{/usr/local/texlive/2024basic/texmf-dist/fonts/enc/dvips/inconsolata/i4-ts1.e
nc}] [7]
(/private/var/folders/k0/clz7p6p57qj0ysxy4sqpdg900000gn/T/RtmpImHpWB/Rd2pdf1441
c2bacb43d/Rd2.ind [8] [9])
(/private/var/folders/k0/clz7p6p57qj0ysxy4sqpdg900000gn/T/RtmpImHpWB/Rd2pdf1441
c2bacb43d/Rd2.aux) )</usr/local/texlive/2024basic/texmf-dist/fonts/type1/public
/inconsolata/Inconsolata-zi4r.pfb></usr/local/texlive/2024basic/texmf-dist/font
s/type1/public/amsfonts/cm/cmsy10.pfb></usr/local/texlive/2024basic/texmf-dist/
fonts/type1/urw/times/utmb8a.pfb></usr/local/texlive/2024basic/texmf-dist/fonts
/type1/urw/times/utmr8a.pfb></usr/local/texlive/2024basic/texmf-dist/fonts/type
1/urw/times/utmr8a.pfb></usr/local/texlive/2024basic/texmf-dist/fonts/type1/urw
/times/utmri8a.pfb>
Output written on Rd2.pdf (9 pages, 100426 bytes).
Transcript written on Rd2.log.
Saving output to ‘LOCATOR-manual.pdf’ ...
Done
You may want to clean up by 'rm -Rf /var/folders/k0/clz7p6p57qj0ysxy4sqpdg900000gn/T//RtmpImHpWB/Rd2pdf1441c2bacb43d'
